ROUTINE_NAME                                                                                                                     ROUTINE_TYPE                                                 BD
-------------------------------------------------------------------------------------------------------------------------------- ------------------------------------------------------------ -----

(0 row(s) affected)

ROUTINE_NAME                                                                                                                     ROUTINE_TYPE                                                 BD
-------------------------------------------------------------------------------------------------------------------------------- ------------------------------------------------------------ -----------

(0 row(s) affected)

ROUTINE_NAME                                                                                                                     ROUTINE_TYPE                                                 BD
-------------------------------------------------------------------------------------------------------------------------------- ------------------------------------------------------------ ---------------

(0 row(s) affected)

ROUTINE_NAME                                                                                                                     ROUTINE_TYPE                                                 BD
-------------------------------------------------------------------------------------------------------------------------------- ------------------------------------------------------------ -------------

(0 row(s) affected)

ROUTINE_NAME                                                                                                                     ROUTINE_TYPE                                                 BD
-------------------------------------------------------------------------------------------------------------------------------- ------------------------------------------------------------ --------

(0 row(s) affected)

ROUTINE_NAME                                                                                                                     ROUTINE_TYPE                                                 BD
-------------------------------------------------------------------------------------------------------------------------------- ------------------------------------------------------------ ------------

(0 row(s) affected)

ROUTINE_NAME                                                                                                                     ROUTINE_TYPE                                                 BD
-------------------------------------------------------------------------------------------------------------------------------- ------------------------------------------------------------ -------

(0 row(s) affected)

ROUTINE_NAME                                                                                                                     ROUTINE_TYPE                                                 BD
-------------------------------------------------------------------------------------------------------------------------------- ------------------------------------------------------------ -------

(0 row(s) affected)

ROUTINE_NAME                                                                                                                     ROUTINE_TYPE                                                 BD
-------------------------------------------------------------------------------------------------------------------------------- ------------------------------------------------------------ --------------

(0 row(s) affected)

ROUTINE_NAME                                                                                                                     ROUTINE_TYPE                                                 BD
-------------------------------------------------------------------------------------------------------------------------------- ------------------------------------------------------------ ---------------

(0 row(s) affected)

ROUTINE_NAME                                                                                                                     ROUTINE_TYPE                                                 BD
-------------------------------------------------------------------------------------------------------------------------------- ------------------------------------------------------------ -------------

(0 row(s) affected)

ROUTINE_NAME                                                                                                                     ROUTINE_TYPE                                                 BD
-------------------------------------------------------------------------------------------------------------------------------- ------------------------------------------------------------ -------

(0 row(s) affected)

ROUTINE_NAME                                                                                                                     ROUTINE_TYPE                                                 BD
-------------------------------------------------------------------------------------------------------------------------------- ------------------------------------------------------------ -------

(0 row(s) affected)

ROUTINE_NAME                                                                                                                     ROUTINE_TYPE                                                 BD
-------------------------------------------------------------------------------------------------------------------------------- ------------------------------------------------------------ -------

(0 row(s) affected)

ROUTINE_NAME                                                                                                                     ROUTINE_TYPE                                                 BD
-------------------------------------------------------------------------------------------------------------------------------- ------------------------------------------------------------ -------

(0 row(s) affected)

ROUTINE_NAME                                                                                                                     ROUTINE_TYPE                                                 BD
-------------------------------------------------------------------------------------------------------------------------------- ------------------------------------------------------------ -------
SPU_CSM_ELIMINA_VENTA                                                                                                            SQL_STORED_PROCEDURE                                         OFICONT

(1 row(s) affected)

ROUTINE_NAME                                                                                                                     ROUTINE_TYPE                                                 BD
-------------------------------------------------------------------------------------------------------------------------------- ------------------------------------------------------------ -------

(0 row(s) affected)

ROUTINE_NAME                                                                                                                     ROUTINE_TYPE                                                 BD
-------------------------------------------------------------------------------------------------------------------------------- ------------------------------------------------------------ -------

(0 row(s) affected)

ROUTINE_NAME                                                                                                                     ROUTINE_TYPE                                                 BD
-------------------------------------------------------------------------------------------------------------------------------- ------------------------------------------------------------ -------

(0 row(s) affected)

ROUTINE_NAME                                                                                                                     ROUTINE_TYPE                                                 BD
-------------------------------------------------------------------------------------------------------------------------------- ------------------------------------------------------------ -------

(0 row(s) affected)

ROUTINE_NAME                                                                                                                     ROUTINE_TYPE                                                 BD
-------------------------------------------------------------------------------------------------------------------------------- ------------------------------------------------------------ --------

(0 row(s) affected)

ROUTINE_NAME                                                                                                                     ROUTINE_TYPE                                                 BD
-------------------------------------------------------------------------------------------------------------------------------- ------------------------------------------------------------ -------

(0 row(s) affected)

ROUTINE_NAME                                                                                                                     ROUTINE_TYPE                                                 BD
-------------------------------------------------------------------------------------------------------------------------------- ------------------------------------------------------------ -----------

(0 row(s) affected)

ROUTINE_NAME                                                                                                                     ROUTINE_TYPE                                                 BD
-------------------------------------------------------------------------------------------------------------------------------- ------------------------------------------------------------ -------
NP_TMTRAN_COMI_I01                                                                                                               SQL_STORED_PROCEDURE                                         OFIRECA
NP_TMTRAN_COMI_I01_REGU                                                                                                          SQL_STORED_PROCEDURE                                         OFIRECA
TCDOCU_CLIE_VIEW                                                                                                                 VIEW                                                         OFIRECA

(3 row(s) affected)

ROUTINE_NAME                                                                                                                     ROUTINE_TYPE                                                 BD
-------------------------------------------------------------------------------------------------------------------------------- ------------------------------------------------------------ -------

(0 row(s) affected)

ROUTINE_NAME                                                                                                                     ROUTINE_TYPE                                                 BD
-------------------------------------------------------------------------------------------------------------------------------- ------------------------------------------------------------ --------

(0 row(s) affected)

